<?xml version="1.0" encoding="UTF-8"?>
<testng-results skipped="0" failed="0" ignored="0" total="1" passed="1">
  <reporter-output>
  </reporter-output>
  <suite name="Default suite" duration-ms="30510" started-at="2022-07-06T22:48:43 CST" finished-at="2022-07-06T22:49:13 CST">
    <groups>
    </groups>
    <test name="Default test" duration-ms="30510" started-at="2022-07-06T22:48:43 CST" finished-at="2022-07-06T22:49:13 CST">
      <class name="com.pruebabank.Test.testWikipedia">
        <test-method status="PASS" signature="before()[pri:0, instance:com.pruebabank.Test.testWikipedia@8646db9]" name="before" is-config="true" duration-ms="6707" started-at="2022-07-06T22:48:43 CST" finished-at="2022-07-06T22:48:49 CST">
          <reporter-output>
          </reporter-output>
        </test-method> <!-- before -->
        <test-method status="PASS" signature="pruebaWikipedia()[pri:0, instance:com.pruebabank.Test.testWikipedia@8646db9]" name="pruebaWikipedia" duration-ms="22686" started-at="2022-07-06T22:48:49 CST" finished-at="2022-07-06T22:49:12 CST">
          <reporter-output>
          </reporter-output>
        </test-method> <!-- pruebaWikipedia -->
        <test-method status="PASS" signature="after()[pri:0, instance:com.pruebabank.Test.testWikipedia@8646db9]" name="after" is-config="true" duration-ms="1042" started-at="2022-07-06T22:49:12 CST" finished-at="2022-07-06T22:49:13 CST">
          <reporter-output>
          </reporter-output>
        </test-method> <!-- after -->
      </class> <!-- com.pruebabank.Test.testWikipedia -->
    </test> <!-- Default test -->
  </suite> <!-- Default suite -->
</testng-results>
